<?xml version="1.0" encoding="UTF-8"?>
<!-- Generated by org.testng.reporters.JUnitReportReporter -->
<testsuite hostname="DESKTOP-9AFDMTT" failures="0" tests="1" name="amazonpackage.AmazonProjectMaven.TC02_VerifyLoginWithValidUserID" time="66.196" errors="0" timestamp="2025-06-20T11:38:06 IST" skipped="0">
  <testcase classname="amazonpackage.AmazonProjectMaven.TC02_VerifyLoginWithValidUserID" name="VerifyLoginWithValidUser" time="66.196">
    <system-out>
      <![CDATA[Test Started VerifyLoginWithValidUser
User Mouse Hover on the Profile
User Clicked on Signin button
User Entered Mobile# or Email : 7010367624
User Clicked Continue Button
User Entered Password : password
User Clicked Sigin Button
Verified Used Name is : Hello, Aravind
Test Success VerifyLoginWithValidUser]]>
    </system-out>
  </testcase> <!-- VerifyLoginWithValidUser -->
  <system-out>
    <![CDATA[Chrome Launched Successfully
Chrome Launched Successfully
User Launched https://www.amazon.in/ Application
Chrome Launched Successfully
User Launched https://www.amazon.in/ Application
Edge Launched Successfully
User Launched https://www.amazon.in/ Application
User in Online Shopping site in India: Shop Online for Mobiles, Books, Watches, Shoes and More - Amazon.in : page
Test Started NewUserRegistration
User Launched https://www.amazon.in/ Application
User in Online Shopping site in India: Shop Online for Mobiles, Books, Watches, Shoes and More - Amazon.in : page
Test Started VerifyLoginWithInvalidUser
User in Online Shopping site in India: Shop Online for Mobiles, Books, Watches, Shoes and More - Amazon.in : page
Test Started SearchProduct
Edge Launched Successfully
User Launched https://www.amazon.in/ Application
User in Online Shopping site in India: Shop Online for Mobiles, Books, Watches, Shoes and More - Amazon.in : page
Test Started VerifyLoginWithValidUser
User Mouse Hover on the Profile
User Mouse Hover on the Profile
User Entered Product in Search: Shoes
User Mouse Hover on the Profile
User Clicked the Start Here hyperLink
User in Online Shopping site in India: Shop Online for Mobiles, Books, Watches, Shoes and More - Amazon.in : page
Test Started EditProfileInformation
User Clicked on Signin button
User Clicked on Signin button
User Mouse Hover on the Profile
User Entered Mobile# or Email : ApOFbYKnbD@gmail.com
User Entered Mobile# or Email : 226365622
User Entered Mobile# or Email : 7010367624
User Clicked Search Icon
User Clicked on Signin button
Amazon.in : Shoes
Test Success SearchProduct
User Clicked Continue Button
User Entered Mobile# or Email : 7010367624
User Clicked Continue Button
Verified Invalid Mobile Number : Invalid mobile number
Test Success VerifyLoginWithInvalidUser
User Clicked Continue Button
User Clicked Continue Button
User Entered Password : password
User Entered Password : password
User Clicked Proceed Create Account Button
User Entered : 9436234830
User Clicked Sigin Button
User Entered : hu0h1jzW1m
User Clicked Sigin Button
User Entered Password : password
Verified Used Name is : Hello, Aravind
User Mouse Hover on the Profile
User Clicked Verify Mobile number Button
User Clicked on Your Account hyperLink
Test Success NewUserRegistration
Verified Used Name is : Hello, Aravind
Test Success VerifyLoginWithValidUser
User Clicked on the Login & Security
OTP Page is Present : Enter verification code
User Quit Browser
User Quit Browser
User Quit Browser
Chrome Launched Successfully
Chrome Launched Successfully
User Launched https://www.amazon.in/ Application
User Launched https://www.amazon.in/ Application
User in Online Shopping site in India: Shop Online for Mobiles, Books, Watches, Shoes and More - Amazon.in : page
Test Started SearchProduct
User in Online Shopping site in India: Shop Online for Mobiles, Books, Watches, Shoes and More - Amazon.in : page
Test Started VerifyLoginWithInvalidUser
User Entered Product in Search: Mobiles
User Mouse Hover on the Profile
User Clicked on Signin button
User Clicked Search Icon
Amazon.in : Mobiles
Test Success SearchProduct
User Entered Mobile# or Email : cddvsafvs@gmail.rrr@
User Clicked Continue Button
User Quit Browser
User Quit Browser
Chrome Launched Successfully
User Launched https://www.amazon.in/ Application
User in Online Shopping site in India: Shop Online for Mobiles, Books, Watches, Shoes and More - Amazon.in : page
Test Started SearchProduct
User Entered Product in Search: Books
Verified Invalid Email Address : Invalid email address.
Test Success VerifyLoginWithInvalidUser
User Clicked Search Icon
Amazon.in : Books
Test Success SearchProduct
User Quit Browser
Chrome Launched Successfully
User Quit Browser
User Launched https://www.amazon.in/ Application
Chrome Launched Successfully
User Launched https://www.amazon.in/ Application
User in Online Shopping site in India: Shop Online for Mobiles, Books, Watches, Shoes and More - Amazon.in : page
Test Started SearchProduct
Used Clicked Edit button in Name
User Entered Product in Search: Clocks
User in Online Shopping site in India: Shop Online for Mobiles, Books, Watches, Shoes and More - Amazon.in : page
Test Started VerifyLoginWithInvalidUser
Current User Name is : 
User Mouse Hover on the Profile
Test Skipped EditProfileInformation
User Clicked on Signin button
User Entered Mobile# or Email : 7010367624
User Clicked Search Icon
Amazon.in : Clocks
Test Success SearchProduct
User Clicked Continue Button
User Quit Browser
User Quit Browser
Edge Launched Successfully
User Launched https://www.amazon.in/ Application
User in Online Shopping site in India: Shop Online for Mobiles, Books, Watches, Shoes and More - Amazon.in : page
Test Started EditProfileInformation
User Mouse Hover on the Profile
User Clicked on Signin button
User Entered Mobile# or Email : 7010367624
User Clicked Continue Button
User Entered Password : password
User Clicked Sigin Button
Verified Used Name is : Hello, Aravind
User Mouse Hover on the Profile
User Clicked on Your Account hyperLink
User Clicked on the Login & Security
OTP Page is Present : Enter verification code
User Entered Password : password
User Clicked Sigin Button
Verified Incorrect Password : Your password is incorrect
Test Success VerifyLoginWithInvalidUser
User Quit Browser
Used Clicked Edit button in Name
Current User Name is : 
Test Skipped EditProfileInformation
User Quit Browser
Edge Launched Successfully
User Launched https://www.amazon.in/ Application
User in Online Shopping site in India: Shop Online for Mobiles, Books, Watches, Shoes and More - Amazon.in : page
Test Started EditProfileInformation
User Mouse Hover on the Profile
User Clicked on Signin button
User Entered Mobile# or Email : 7010367624
User Clicked Continue Button
User Entered Password : password
User Clicked Sigin Button
Verified Used Name is : Hello, Aravind
User Mouse Hover on the Profile
User Clicked on Your Account hyperLink
User Clicked on the Login & Security
OTP Page is Present : Enter verification code
Used Clicked Edit button in Name
Current User Name is : 
Test Failed EditProfileInformation
User Quit Browser]]>
  </system-out>
</testsuite> <!-- amazonpackage.AmazonProjectMaven.TC02_VerifyLoginWithValidUserID -->
