<?xml version="1.0" encoding="UTF-8"?>
<!-- Generated by org.testng.reporters.JUnitReportReporter -->
<testsuite hostname="DESKTOP-9AFDMTT" failures="0" tests="3" name="amazonpackage.AmazonProjectMaven.TC04_EditProfileInformation" time="281.692" errors="1" timestamp="2025-06-20T11:38:06 IST" skipped="2">
  <testcase classname="amazonpackage.AmazonProjectMaven.TC04_EditProfileInformation" name="EditProfileInformation" time="84.928">
    <error message="element click intercepted: Element &lt;span class=&quot;a-button-text&quot; aria-hidden=&quot;true&quot; id=&quot;a-autoid-0-announce&quot;&gt;...&lt;/span&gt; is not clickable at point (527, 374). Other element would receive the click: &lt;input id=&quot;cnep_1C_submit_button&quot; tabindex=&quot;3&quot; class=&quot;a-button-input&quot; type=&quot;submit&quot; aria-labelledby=&quot;a-autoid-0-announce&quot;&gt;
  (Session info: MicrosoftEdge=137.0.3296.83)
Build info: version: &#039;4.33.0&#039;, revision: &#039;2c6aaad03a&#039;
System info: os.name: &#039;Windows 11&#039;, os.arch: &#039;amd64&#039;, os.version: &#039;10.0&#039;, java.version: &#039;23.0.1&#039;
Driver info: org.openqa.selenium.edge.EdgeDriver
Command: [4c8f150cfd562b5317069f5e741a6708, clickElement {id=f.EF5B5BD3AC3EBFF81E6D667AD2B3C6CE.d.48D783A82861DC29C29928BB35E90BE2.e.424}]
Capabilities {acceptInsecureCerts: false, browserName: MicrosoftEdge, browserVersion: 137.0.3296.83, fedcm:accounts: true, ms:edgeOptions: {debuggerAddress: localhost:64453}, msedge: {msedgedriverVersion: 137.0.3296.83 (24e00e9cccf2..., userDataDir: C:\Users\welcome\AppData\Lo...}, networkConnectionEnabled: false, pageLoadStrategy: normal, platformName: windows, proxy: Proxy(), se:cdp: ws://localhost:64453/devtoo..., se:cdpVersion: 137.0.3296.83, setWindowRect: true, strictFileInteractability: false, timeouts: {implicit: 0, pageLoad: 300000, script: 30000}, unhandledPromptBehavior: dismiss and notify, webauthn:extension:credBlob: true, webauthn:extension:largeBlob: true, webauthn:extension:minPinLength: true, webauthn:extension:prf: true, webauthn:virtualAuthenticators: true}
Element: [[EdgeDriver: MicrosoftEdge on windows (4c8f150cfd562b5317069f5e741a6708)] -&gt; xpath: //span[contains(text(),&#039;Save changes&#039;)]]
Session ID: 4c8f150cfd562b5317069f5e741a6708" type="org.openqa.selenium.ElementClickInterceptedException">
      <![CDATA[org.openqa.selenium.ElementClickInterceptedException: element click intercepted: Element <span class="a-button-text" aria-hidden="true" id="a-autoid-0-announce">...</span> is not clickable at point (527, 374). Other element would receive the click: <input id="cnep_1C_submit_button" tabindex="3" class="a-button-input" type="submit" aria-labelledby="a-autoid-0-announce">
  (Session info: MicrosoftEdge=137.0.3296.83)
Build info: version: '4.33.0', revision: '2c6aaad03a'
System info: os.name: 'Windows 11', os.arch: 'amd64', os.version: '10.0', java.version: '23.0.1'
Driver info: org.openqa.selenium.edge.EdgeDriver
Command: [4c8f150cfd562b5317069f5e741a6708, clickElement {id=f.EF5B5BD3AC3EBFF81E6D667AD2B3C6CE.d.48D783A82861DC29C29928BB35E90BE2.e.424}]
Capabilities {acceptInsecureCerts: false, browserName: MicrosoftEdge, browserVersion: 137.0.3296.83, fedcm:accounts: true, ms:edgeOptions: {debuggerAddress: localhost:64453}, msedge: {msedgedriverVersion: 137.0.3296.83 (24e00e9cccf2..., userDataDir: C:\Users\welcome\AppData\Lo...}, networkConnectionEnabled: false, pageLoadStrategy: normal, platformName: windows, proxy: Proxy(), se:cdp: ws://localhost:64453/devtoo..., se:cdpVersion: 137.0.3296.83, setWindowRect: true, strictFileInteractability: false, timeouts: {implicit: 0, pageLoad: 300000, script: 30000}, unhandledPromptBehavior: dismiss and notify, webauthn:extension:credBlob: true, webauthn:extension:largeBlob: true, webauthn:extension:minPinLength: true, webauthn:extension:prf: true, webauthn:virtualAuthenticators: true}
Element: [[EdgeDriver: MicrosoftEdge on windows (4c8f150cfd562b5317069f5e741a6708)] -> xpath: //span[contains(text(),'Save changes')]]
Session ID: 4c8f150cfd562b5317069f5e741a6708
at java.base/jdk.internal.reflect.DirectConstructorHandleAccessor.newInstance(DirectConstructorHandleAccessor.java:62)
at java.base/java.lang.reflect.Constructor.newInstanceWithCaller(Constructor.java:501)
at java.base/java.lang.reflect.Constructor.newInstance(Constructor.java:485)
at org.openqa.selenium.remote.ErrorCodec.decode(ErrorCodec.java:167)
at org.openqa.selenium.remote.codec.w3c.W3CHttpResponseCodec.decode(W3CHttpResponseCodec.java:138)
at org.openqa.selenium.remote.codec.w3c.W3CHttpResponseCodec.decode(W3CHttpResponseCodec.java:50)
at org.openqa.selenium.remote.HttpCommandExecutor.execute(HttpCommandExecutor.java:215)
at org.openqa.selenium.remote.service.DriverCommandExecutor.invokeExecute(DriverCommandExecutor.java:216)
at org.openqa.selenium.remote.service.DriverCommandExecutor.execute(DriverCommandExecutor.java:174)
at org.openqa.selenium.remote.RemoteWebDriver.execute(RemoteWebDriver.java:544)
at org.openqa.selenium.remote.RemoteWebElement.execute(RemoteWebElement.java:223)
at org.openqa.selenium.remote.RemoteWebElement.click(RemoteWebElement.java:76)
at java.base/jdk.internal.reflect.DirectMethodHandleAccessor.invoke(DirectMethodHandleAccessor.java:103)
at java.base/java.lang.reflect.Method.invoke(Method.java:580)
at org.openqa.selenium.support.pagefactory.internal.LocatingElementHandler.invoke(LocatingElementHandler.java:51)
at jdk.proxy2/jdk.proxy2.$Proxy16.click(Unknown Source)
at amazonpackage.AmazonProjectMaven.AmzLoginSecurityPage.clickOnSaveChangesBtn(AmzLoginSecurityPage.java:72)
at amazonpackage.AmazonProjectMaven.TC04_EditProfileInformation.EditProfileInformation(TC04_EditProfileInformation.java:59)
at java.base/jdk.internal.reflect.DirectMethodHandleAccessor.invoke(DirectMethodHandleAccessor.java:103)
at java.base/java.lang.reflect.Method.invoke(Method.java:580)
at org.testng.internal.invokers.MethodInvocationHelper.invokeMethod(MethodInvocationHelper.java:141)
at org.testng.internal.invokers.TestInvoker.invokeMethod(TestInvoker.java:687)
at org.testng.internal.invokers.TestInvoker.retryFailed(TestInvoker.java:269)
at org.testng.internal.invokers.MethodRunner.runInSequence(MethodRunner.java:76)
at org.testng.internal.invokers.TestInvoker$MethodInvocationAgent.invoke(TestInvoker.java:995)
at org.testng.internal.invokers.TestInvoker.invokeTestMethods(TestInvoker.java:203)
at org.testng.internal.invokers.TestMethodWorker.invokeTestMethods(TestMethodWorker.java:154)
at org.testng.internal.invokers.TestMethodWorker.run(TestMethodWorker.java:134)
at java.base/java.util.ArrayList.forEach(ArrayList.java:1597)
at org.testng.TestRunner.privateRun(TestRunner.java:741)
at org.testng.TestRunner.run(TestRunner.java:616)
at org.testng.SuiteRunner.runTest(SuiteRunner.java:421)
at org.testng.SuiteRunner$SuiteWorker.run(SuiteRunner.java:463)
at org.testng.internal.thread.ThreadUtil.lambda$execute$0(ThreadUtil.java:64)
at java.base/java.util.concurrent.FutureTask.run(FutureTask.java:317)
at java.base/java.util.concurrent.ThreadPoolExecutor.runWorker(ThreadPoolExecutor.java:1144)
at java.base/java.util.concurrent.ThreadPoolExecutor$Worker.run(ThreadPoolExecutor.java:642)
at java.base/java.lang.Thread.run(Thread.java:1575)
]]>
    </error>
    <system-out>
      <![CDATA[Test Started EditProfileInformation
User Mouse Hover on the Profile
User Clicked on Signin button
User Entered Mobile# or Email : 7010367624
User Clicked Continue Button
User Entered Password : password
User Clicked Sigin Button
Verified Used Name is : Hello, Aravind
User Mouse Hover on the Profile
User Clicked on Your Account hyperLink
User Clicked on the Login & Security
OTP Page is Present : Enter verification code
Used Clicked Edit button in Name
Current User Name is : 
Test Failed EditProfileInformation]]>
    </system-out>
  </testcase> <!-- EditProfileInformation -->
  <testcase classname="amazonpackage.AmazonProjectMaven.TC04_EditProfileInformation" name="EditProfileInformation" time="78.110">
    <skipped/>
    <system-out>
      <![CDATA[Test Started EditProfileInformation
User Mouse Hover on the Profile
User Clicked on Signin button
User Entered Mobile# or Email : 7010367624
User Clicked Continue Button
User Entered Password : password
User Clicked Sigin Button
Verified Used Name is : Hello, Aravind
User Mouse Hover on the Profile
User Clicked on Your Account hyperLink
User Clicked on the Login & Security
OTP Page is Present : Enter verification code
Used Clicked Edit button in Name
Current User Name is : 
Test Skipped EditProfileInformation]]>
    </system-out>
  </testcase> <!-- EditProfileInformation -->
  <testcase classname="amazonpackage.AmazonProjectMaven.TC04_EditProfileInformation" name="EditProfileInformation" time="118.654">
    <skipped/>
    <system-out>
      <![CDATA[Test Started EditProfileInformation
User Mouse Hover on the Profile
User Clicked on Signin button
User Entered Mobile# or Email : 7010367624
User Clicked Continue Button
User Entered Password : password
User Clicked Sigin Button
Verified Used Name is : Hello, Aravind
User Mouse Hover on the Profile
User Clicked on Your Account hyperLink
User Clicked on the Login & Security
OTP Page is Present : Enter verification code
Used Clicked Edit button in Name
Current User Name is : 
Test Skipped EditProfileInformation]]>
    </system-out>
  </testcase> <!-- EditProfileInformation -->
  <system-out>
    <![CDATA[Chrome Launched Successfully
Chrome Launched Successfully
User Launched https://www.amazon.in/ Application
Chrome Launched Successfully
User Launched https://www.amazon.in/ Application
Edge Launched Successfully
User Launched https://www.amazon.in/ Application
User in Online Shopping site in India: Shop Online for Mobiles, Books, Watches, Shoes and More - Amazon.in : page
Test Started NewUserRegistration
User Launched https://www.amazon.in/ Application
User in Online Shopping site in India: Shop Online for Mobiles, Books, Watches, Shoes and More - Amazon.in : page
Test Started VerifyLoginWithInvalidUser
User in Online Shopping site in India: Shop Online for Mobiles, Books, Watches, Shoes and More - Amazon.in : page
Test Started SearchProduct
Edge Launched Successfully
User Launched https://www.amazon.in/ Application
User in Online Shopping site in India: Shop Online for Mobiles, Books, Watches, Shoes and More - Amazon.in : page
Test Started VerifyLoginWithValidUser
User Mouse Hover on the Profile
User Mouse Hover on the Profile
User Entered Product in Search: Shoes
User Mouse Hover on the Profile
User Clicked the Start Here hyperLink
User in Online Shopping site in India: Shop Online for Mobiles, Books, Watches, Shoes and More - Amazon.in : page
Test Started EditProfileInformation
User Clicked on Signin button
User Clicked on Signin button
User Mouse Hover on the Profile
User Entered Mobile# or Email : ApOFbYKnbD@gmail.com
User Entered Mobile# or Email : 226365622
User Entered Mobile# or Email : 7010367624
User Clicked Search Icon
User Clicked on Signin button
Amazon.in : Shoes
Test Success SearchProduct
User Clicked Continue Button
User Entered Mobile# or Email : 7010367624
User Clicked Continue Button
Verified Invalid Mobile Number : Invalid mobile number
Test Success VerifyLoginWithInvalidUser
User Clicked Continue Button
User Clicked Continue Button
User Entered Password : password
User Entered Password : password
User Clicked Proceed Create Account Button
User Entered : 9436234830
User Clicked Sigin Button
User Entered : hu0h1jzW1m
User Clicked Sigin Button
User Entered Password : password
Verified Used Name is : Hello, Aravind
User Mouse Hover on the Profile
User Clicked Verify Mobile number Button
User Clicked on Your Account hyperLink
Test Success NewUserRegistration
Verified Used Name is : Hello, Aravind
Test Success VerifyLoginWithValidUser
User Clicked on the Login & Security
OTP Page is Present : Enter verification code
User Quit Browser
User Quit Browser
User Quit Browser
Chrome Launched Successfully
Chrome Launched Successfully
User Launched https://www.amazon.in/ Application
User Launched https://www.amazon.in/ Application
User in Online Shopping site in India: Shop Online for Mobiles, Books, Watches, Shoes and More - Amazon.in : page
Test Started SearchProduct
User in Online Shopping site in India: Shop Online for Mobiles, Books, Watches, Shoes and More - Amazon.in : page
Test Started VerifyLoginWithInvalidUser
User Entered Product in Search: Mobiles
User Mouse Hover on the Profile
User Clicked on Signin button
User Clicked Search Icon
Amazon.in : Mobiles
Test Success SearchProduct
User Entered Mobile# or Email : cddvsafvs@gmail.rrr@
User Clicked Continue Button
User Quit Browser
User Quit Browser
Chrome Launched Successfully
User Launched https://www.amazon.in/ Application
User in Online Shopping site in India: Shop Online for Mobiles, Books, Watches, Shoes and More - Amazon.in : page
Test Started SearchProduct
User Entered Product in Search: Books
Verified Invalid Email Address : Invalid email address.
Test Success VerifyLoginWithInvalidUser
User Clicked Search Icon
Amazon.in : Books
Test Success SearchProduct
User Quit Browser
Chrome Launched Successfully
User Quit Browser
User Launched https://www.amazon.in/ Application
Chrome Launched Successfully
User Launched https://www.amazon.in/ Application
User in Online Shopping site in India: Shop Online for Mobiles, Books, Watches, Shoes and More - Amazon.in : page
Test Started SearchProduct
Used Clicked Edit button in Name
User Entered Product in Search: Clocks
User in Online Shopping site in India: Shop Online for Mobiles, Books, Watches, Shoes and More - Amazon.in : page
Test Started VerifyLoginWithInvalidUser
Current User Name is : 
User Mouse Hover on the Profile
Test Skipped EditProfileInformation
User Clicked on Signin button
User Entered Mobile# or Email : 7010367624
User Clicked Search Icon
Amazon.in : Clocks
Test Success SearchProduct
User Clicked Continue Button
User Quit Browser
User Quit Browser
Edge Launched Successfully
User Launched https://www.amazon.in/ Application
User in Online Shopping site in India: Shop Online for Mobiles, Books, Watches, Shoes and More - Amazon.in : page
Test Started EditProfileInformation
User Mouse Hover on the Profile
User Clicked on Signin button
User Entered Mobile# or Email : 7010367624
User Clicked Continue Button
User Entered Password : password
User Clicked Sigin Button
Verified Used Name is : Hello, Aravind
User Mouse Hover on the Profile
User Clicked on Your Account hyperLink
User Clicked on the Login & Security
OTP Page is Present : Enter verification code
User Entered Password : password
User Clicked Sigin Button
Verified Incorrect Password : Your password is incorrect
Test Success VerifyLoginWithInvalidUser
User Quit Browser
Used Clicked Edit button in Name
Current User Name is : 
Test Skipped EditProfileInformation
User Quit Browser
Edge Launched Successfully
User Launched https://www.amazon.in/ Application
User in Online Shopping site in India: Shop Online for Mobiles, Books, Watches, Shoes and More - Amazon.in : page
Test Started EditProfileInformation
User Mouse Hover on the Profile
User Clicked on Signin button
User Entered Mobile# or Email : 7010367624
User Clicked Continue Button
User Entered Password : password
User Clicked Sigin Button
Verified Used Name is : Hello, Aravind
User Mouse Hover on the Profile
User Clicked on Your Account hyperLink
User Clicked on the Login & Security
OTP Page is Present : Enter verification code
Used Clicked Edit button in Name
Current User Name is : 
Test Failed EditProfileInformation
User Quit Browser]]>
  </system-out>
</testsuite> <!-- amazonpackage.AmazonProjectMaven.TC04_EditProfileInformation -->
