<?xml version="1.0" encoding="UTF-8"?>
<!-- Generated by org.testng.reporters.JUnitReportReporter -->
<testsuite hostname="DESKTOP-9AFDMTT" failures="0" tests="1" name="amazonpackage.AmazonProjectMaven.TC06_SearchProduchWithFilter" time="25.936" errors="0" timestamp="2025-06-23T19:25:22 IST" skipped="0">
  <testcase classname="amazonpackage.AmazonProjectMaven.TC06_SearchProduchWithFilter" name="SearchProduct" time="25.936">
    <system-out>
      <![CDATA[Test Started SearchProduct
User Entered Product in Search: Clocks
User Clicked Search Icon
Amazon.in : Clocks
Total Number of Product is : 24
Vintage Clock Analog Handcrafted Wood And Brass Wall Clock (8 Inches 20 Cm's) Pure Brass With Antique Finish
322
Limited time deal
₹699
M.R.P:
₹3,196 (78% off)
Save ₹25 with coupon
FREE delivery Sun, 6 Jul
Add to cart
Vintage Clock Painted Handcrafted Wooden Wall Clock/One Year Warranty / 5583-10-H
₹1,149
M.R.P:
₹4,596 (75% off)
Save ₹25 with coupon
FREE delivery Thu, 26 Jun
Or fastest delivery Tomorrow, 24 Jun
Add to cart
Vintage Clock Handcrafted Peacock Wooden Non-Ticking Analog Clock With Hand-Painted Art Work(Multicolour,Small 10X10 Inches/25 X 25 Cm,Dial Size : 5 Inches/13 Cm)
555
Limited time deal
₹1,295
M.R.P:
₹4,596 (72% off)
Buy 2 items, get 3% off
FREE delivery Thu, 26 Jun
Or fastest delivery Wed, 25 Jun
Add to cart
Vintage Clock Brass Handcrafted Wooden Wall Clock/One Year Warranty / 1711-10-FH
₹1,295
M.R.P:
₹5,180 (75% off)
Buy 2 items, get 3% off
FREE delivery Mon, 30 Jun
Add to cart
Vintage Clock Brass Handcrafted Wooden Wall Clock/One Year Warranty / 1711-10-FR
₹1,295
M.R.P:
₹5,180 (75% off)
Buy 2 items, get 3% off
FREE delivery Mon, 30 Jun
Add to cart
Vintage Clock Double Side (Railway Style)Analog Clock With Brass Finish & 1 Year Warranty (6 Inches 15X15 Cm's Size)
2,195
100+ bought in past month
Limited time deal
₹1,388
M.R.P:
₹5,996 (77% off)
Save ₹25 with coupon
FREE delivery Thu, 26 Jun
Or fastest delivery Tomorrow, 24 Jun
Add to cart
Vintage Clock Handcrafted Double Side Clock/Railway (Station) Analog Clock/Floral Design / 6 Inches Size/Brass Finish/Double Side Roman Number
4,955
Limited time deal
₹1,395
M.R.P:
₹5,596 (75% off)
Save ₹25 with coupon
FREE delivery Mon, 30 Jun
Add to cart
Vintage Clock Handcrafted Double Side Wall Clock 1 Year Warranty / 65091-6-HH
94
Limited time deal
₹1,395
M.R.P:
₹5,780 (76% off)
Save ₹25 with coupon
FREE delivery Thu, 26 Jun
Or fastest delivery Tomorrow, 24 Jun
Add to cart
Vintage Clock Radiant Painted Clock
79
₹1,395
M.R.P:
₹7,196 (81% off)
Buy 2 items, get 3% off
FREE delivery Mon, 30 Jun
Only 1 left in stock.
Add to cart
Vintage Clock Handcrafted Double Side Clock with English & Roman Numbers 1 Year Warranty (6 Inches Size, Brass Finish, Floral Design)
12
Limited time deal
₹1,395
M.R.P:
₹6,796 (79% off)
Buy 2 items, get 3% off
FREE delivery Mon, 30 Jun
Add to cart
Vintage Clock Handcrafted Double Side Clock with English Numbers 1 Year Warranty (6 Inches Size, Brass Finish, Floral Design)
1
Limited time deal
₹1,395
M.R.P:
₹6,996 (80% off)
Buy 2 items, get 3% off
FREE delivery Mon, 30 Jun
Add to cart
Vintage Clock Handcrafted Double Side Clock with Roman Numbers 1 Year Warranty (6 Inches Size, Brass Finish, Floral Design)
1
Limited time deal
₹1,395
M.R.P:
₹6,796 (79% off)
Buy 2 items, get 3% off
FREE delivery Mon, 30 Jun
Add to cart
Vintage Clock Hand-Painted Wooden Wall Clock / 12 Inch (30 CM's) / VC-5639-12-H-Analog
2,031
50+ bought in past month
Limited time deal
₹1,449
M.R.P:
₹5,996 (76% off)
Save ₹25 with coupon
FREE delivery Thu, 26 Jun
Or fastest delivery Tomorrow, 24 Jun
Service: Installation
Add to cart
Vintage Clock Abstract Solid Pine Wood Mdf Wall Analog Clock (12 X 12 Inches, Dial: 8 Inches, Black)
167
Limited time deal
₹1,449
M.R.P:
₹4,796 (70% off)
Save ₹25 with coupon
FREE delivery Mon, 30 Jun
Add to cart
Vintage Clock Metal Double Side Hand-Crafted Black Wall Clock / 8 Inch (20 CM's) / VC-6570-Analog
1,841
100+ bought in past month
Limited time deal
₹1,488
M.R.P:
₹6,796 (78% off)
Save ₹25 with coupon
FREE delivery Sat, 28 Jun
Service: Installation
Add to cart
Vintage Clock Brass Inlay Wooden Shiny Red Handcrafted Wall Clock/One Year Warranty / 9142-12-FH
10
Limited time deal
₹1,495
M.R.P:
₹6,796 (78% off)
Buy 2 items, get 3% off
FREE delivery Mon, 30 Jun
Add to cart
Vintage Clock Handcrafted Double Side Clock with Roman Numbers 1 Year Warranty (8 Inches Size, Brass Finish, Floral Design)
7
Limited time deal
₹1,495
M.R.P:
₹6,396 (77% off)
Save ₹25 with coupon
FREE delivery Mon, 30 Jun
Add to cart
Vintage Clock Handcrafted Double Side Clock with English & Roman Numbers 1 Year Warranty (8 Inches Size, Brass Finish, Floral Design)
62
Limited time deal
₹1,495
M.R.P:
₹6,796 (78% off)
Save ₹25 with coupon
FREE delivery Mon, 30 Jun
Add to cart
Vintage Clock Handcrafted Double Side Clock with English Numbers 1 Year Warranty (8 Inches Size, Brass Finish, Floral Design)
11
Limited time deal
₹1,495
M.R.P:
₹7,196 (79% off)
Buy 2 items, get 3% off
FREE delivery Mon, 30 Jun
Add to cart
Vintage Clock Brass Handcrafted Wooden Wall Clock/One Year Warranty / 1711-12-FH
₹1,495
M.R.P:
₹5,980 (75% off)
Buy 2 items, get 3% off
FREE delivery Mon, 30 Jun
Only 1 left in stock.
Add to cart
Vintage Clock Iron Handcrafted Double Side Wall Clock 1 Year Warranty / 65700-8-Hr, Analog, Multicolor
23
Limited time deal
₹1,499
M.R.P:
₹6,580 (77% off)
Buy 2 items, get 3% off
FREE delivery Mon, 30 Jun
Add to cart
Vintage Clock Handcrafted Iron Brass Finish Double Side Roman Numbers Clock (8 Inches)
689
Limited time deal
₹1,595
M.R.P:
₹7,596 (79% off)
Save ₹25 with coupon
FREE delivery Mon, 30 Jun
Add to cart
Vintage Clock Handcrafted Double Side Wall Clock 1 Year Warranty / 65560-8-FHR
18
Limited time deal
₹1,595
M.R.P:
₹6,580 (76% off)
Save ₹25 with coupon
FREE delivery Mon, 30 Jun
Add to cart
Vintage Clock Handcrafted Double Side Wall Clock 1 Year Warranty / 65560-8-HH
4
Limited time deal
₹1,595
M.R.P:
₹7,180 (78% off)
Save ₹25 with coupon
FREE delivery Thu, 26 Jun
Or fastest delivery Wed, 25 Jun
Add to cart
Test Success SearchProduct]]>
    </system-out>
  </testcase> <!-- SearchProduct -->
  <system-out>
    <![CDATA[Chrome Launched Successfully
User Launched https://www.amazon.in/ Application
User in Online Shopping site in India: Shop Online for Mobiles, Books, Watches, Shoes and More - Amazon.in : page
Test Started SearchProduct
User Entered Product in Search: Clocks
User Clicked Search Icon
Amazon.in : Clocks
Total Number of Product is : 24
Vintage Clock Analog Handcrafted Wood And Brass Wall Clock (8 Inches 20 Cm's) Pure Brass With Antique Finish
322
Limited time deal
₹699
M.R.P:
₹3,196 (78% off)
Save ₹25 with coupon
FREE delivery Sun, 6 Jul
Add to cart
Vintage Clock Painted Handcrafted Wooden Wall Clock/One Year Warranty / 5583-10-H
₹1,149
M.R.P:
₹4,596 (75% off)
Save ₹25 with coupon
FREE delivery Thu, 26 Jun
Or fastest delivery Tomorrow, 24 Jun
Add to cart
Vintage Clock Handcrafted Peacock Wooden Non-Ticking Analog Clock With Hand-Painted Art Work(Multicolour,Small 10X10 Inches/25 X 25 Cm,Dial Size : 5 Inches/13 Cm)
555
Limited time deal
₹1,295
M.R.P:
₹4,596 (72% off)
Buy 2 items, get 3% off
FREE delivery Thu, 26 Jun
Or fastest delivery Wed, 25 Jun
Add to cart
Vintage Clock Brass Handcrafted Wooden Wall Clock/One Year Warranty / 1711-10-FH
₹1,295
M.R.P:
₹5,180 (75% off)
Buy 2 items, get 3% off
FREE delivery Mon, 30 Jun
Add to cart
Vintage Clock Brass Handcrafted Wooden Wall Clock/One Year Warranty / 1711-10-FR
₹1,295
M.R.P:
₹5,180 (75% off)
Buy 2 items, get 3% off
FREE delivery Mon, 30 Jun
Add to cart
Vintage Clock Double Side (Railway Style)Analog Clock With Brass Finish & 1 Year Warranty (6 Inches 15X15 Cm's Size)
2,195
100+ bought in past month
Limited time deal
₹1,388
M.R.P:
₹5,996 (77% off)
Save ₹25 with coupon
FREE delivery Thu, 26 Jun
Or fastest delivery Tomorrow, 24 Jun
Add to cart
Vintage Clock Handcrafted Double Side Clock/Railway (Station) Analog Clock/Floral Design / 6 Inches Size/Brass Finish/Double Side Roman Number
4,955
Limited time deal
₹1,395
M.R.P:
₹5,596 (75% off)
Save ₹25 with coupon
FREE delivery Mon, 30 Jun
Add to cart
Vintage Clock Handcrafted Double Side Wall Clock 1 Year Warranty / 65091-6-HH
94
Limited time deal
₹1,395
M.R.P:
₹5,780 (76% off)
Save ₹25 with coupon
FREE delivery Thu, 26 Jun
Or fastest delivery Tomorrow, 24 Jun
Add to cart
Vintage Clock Radiant Painted Clock
79
₹1,395
M.R.P:
₹7,196 (81% off)
Buy 2 items, get 3% off
FREE delivery Mon, 30 Jun
Only 1 left in stock.
Add to cart
Vintage Clock Handcrafted Double Side Clock with English & Roman Numbers 1 Year Warranty (6 Inches Size, Brass Finish, Floral Design)
12
Limited time deal
₹1,395
M.R.P:
₹6,796 (79% off)
Buy 2 items, get 3% off
FREE delivery Mon, 30 Jun
Add to cart
Vintage Clock Handcrafted Double Side Clock with English Numbers 1 Year Warranty (6 Inches Size, Brass Finish, Floral Design)
1
Limited time deal
₹1,395
M.R.P:
₹6,996 (80% off)
Buy 2 items, get 3% off
FREE delivery Mon, 30 Jun
Add to cart
Vintage Clock Handcrafted Double Side Clock with Roman Numbers 1 Year Warranty (6 Inches Size, Brass Finish, Floral Design)
1
Limited time deal
₹1,395
M.R.P:
₹6,796 (79% off)
Buy 2 items, get 3% off
FREE delivery Mon, 30 Jun
Add to cart
Vintage Clock Hand-Painted Wooden Wall Clock / 12 Inch (30 CM's) / VC-5639-12-H-Analog
2,031
50+ bought in past month
Limited time deal
₹1,449
M.R.P:
₹5,996 (76% off)
Save ₹25 with coupon
FREE delivery Thu, 26 Jun
Or fastest delivery Tomorrow, 24 Jun
Service: Installation
Add to cart
Vintage Clock Abstract Solid Pine Wood Mdf Wall Analog Clock (12 X 12 Inches, Dial: 8 Inches, Black)
167
Limited time deal
₹1,449
M.R.P:
₹4,796 (70% off)
Save ₹25 with coupon
FREE delivery Mon, 30 Jun
Add to cart
Vintage Clock Metal Double Side Hand-Crafted Black Wall Clock / 8 Inch (20 CM's) / VC-6570-Analog
1,841
100+ bought in past month
Limited time deal
₹1,488
M.R.P:
₹6,796 (78% off)
Save ₹25 with coupon
FREE delivery Sat, 28 Jun
Service: Installation
Add to cart
Vintage Clock Brass Inlay Wooden Shiny Red Handcrafted Wall Clock/One Year Warranty / 9142-12-FH
10
Limited time deal
₹1,495
M.R.P:
₹6,796 (78% off)
Buy 2 items, get 3% off
FREE delivery Mon, 30 Jun
Add to cart
Vintage Clock Handcrafted Double Side Clock with Roman Numbers 1 Year Warranty (8 Inches Size, Brass Finish, Floral Design)
7
Limited time deal
₹1,495
M.R.P:
₹6,396 (77% off)
Save ₹25 with coupon
FREE delivery Mon, 30 Jun
Add to cart
Vintage Clock Handcrafted Double Side Clock with English & Roman Numbers 1 Year Warranty (8 Inches Size, Brass Finish, Floral Design)
62
Limited time deal
₹1,495
M.R.P:
₹6,796 (78% off)
Save ₹25 with coupon
FREE delivery Mon, 30 Jun
Add to cart
Vintage Clock Handcrafted Double Side Clock with English Numbers 1 Year Warranty (8 Inches Size, Brass Finish, Floral Design)
11
Limited time deal
₹1,495
M.R.P:
₹7,196 (79% off)
Buy 2 items, get 3% off
FREE delivery Mon, 30 Jun
Add to cart
Vintage Clock Brass Handcrafted Wooden Wall Clock/One Year Warranty / 1711-12-FH
₹1,495
M.R.P:
₹5,980 (75% off)
Buy 2 items, get 3% off
FREE delivery Mon, 30 Jun
Only 1 left in stock.
Add to cart
Vintage Clock Iron Handcrafted Double Side Wall Clock 1 Year Warranty / 65700-8-Hr, Analog, Multicolor
23
Limited time deal
₹1,499
M.R.P:
₹6,580 (77% off)
Buy 2 items, get 3% off
FREE delivery Mon, 30 Jun
Add to cart
Vintage Clock Handcrafted Iron Brass Finish Double Side Roman Numbers Clock (8 Inches)
689
Limited time deal
₹1,595
M.R.P:
₹7,596 (79% off)
Save ₹25 with coupon
FREE delivery Mon, 30 Jun
Add to cart
Vintage Clock Handcrafted Double Side Wall Clock 1 Year Warranty / 65560-8-FHR
18
Limited time deal
₹1,595
M.R.P:
₹6,580 (76% off)
Save ₹25 with coupon
FREE delivery Mon, 30 Jun
Add to cart
Vintage Clock Handcrafted Double Side Wall Clock 1 Year Warranty / 65560-8-HH
4
Limited time deal
₹1,595
M.R.P:
₹7,180 (78% off)
Save ₹25 with coupon
FREE delivery Thu, 26 Jun
Or fastest delivery Wed, 25 Jun
Add to cart
Test Success SearchProduct
User Quit Browser]]>
  </system-out>
</testsuite> <!-- amazonpackage.AmazonProjectMaven.TC06_SearchProduchWithFilter -->
