<?xml version="1.0" encoding="UTF-8"?>
<!-- Generated by org.testng.reporters.JUnitReportReporter -->
<testsuite hostname="DESKTOP-9AFDMTT" failures="0" tests="1" name="amazonpackage.AmazonProjectMaven.FacebookTest" time="9.249" errors="0" timestamp="2025-05-30T09:27:22 IST" skipped="0">
  <testcase classname="amazonpackage.AmazonProjectMaven.FacebookTest" name="loginToFacebook" time="9.249"/>
  <system-out/>
</testsuite> <!-- amazonpackage.AmazonProjectMaven.FacebookTest -->
