<?xml version="1.0" encoding="UTF-8"?>
<!-- Generated by org.testng.reporters.JUnitReportReporter -->
<testsuite hostname="DESKTOP-9AFDMTT" failures="0" tests="1" name="amazonpackage.AmazonProjectMaven.TC04_EditProfileInformation" time="82.920" errors="0" timestamp="2025-06-23T08:56:59 IST" skipped="0">
  <testcase classname="amazonpackage.AmazonProjectMaven.TC04_EditProfileInformation" name="EditProfileInformation" time="82.920">
    <system-out>
      <![CDATA[Test Started EditProfileInformation
User Mouse Hover on the Profile
User Clicked on Signin button
User Entered Mobile# or Email : 7010367624
User Clicked Continue Button
User Entered Password : password
User Clicked Sigin Button
Verified Used Name is : Hello, Aravind
User Mouse Hover on the Profile
User Clicked on Your Account hyperLink
User Clicked on the Login & Security
OTP Page is Present : Enter verification code
Used Clicked Edit button in Name
Current User Name is : 
Used Clicked Save Changes button
Verified Invalid Mobile Number : Name updated.
Used Verify New Name : Rayana Aravind
User Mouse Hover on the Profile
User Clicked on Your Account hyperLink
User Clicked on the Login & Security
Used Clicked Edit button in Name
Current User Name is : 
Used Clicked Save Changes button
Verified Invalid Mobile Number : Name updated.
Used Verify New Name : Rayana Aravind
Test Success EditProfileInformation]]>
    </system-out>
  </testcase> <!-- EditProfileInformation -->
  <system-out>
    <![CDATA[Chrome Launched Successfully
User Launched https://www.amazon.in/ Application
User in Online Shopping site in India: Shop Online for Mobiles, Books, Watches, Shoes and More - Amazon.in : page
Test Started EditProfileInformation
User Mouse Hover on the Profile
User Clicked on Signin button
User Entered Mobile# or Email : 7010367624
User Clicked Continue Button
User Entered Password : password
User Clicked Sigin Button
Verified Used Name is : Hello, Aravind
User Mouse Hover on the Profile
User Clicked on Your Account hyperLink
User Clicked on the Login & Security
OTP Page is Present : Enter verification code
Used Clicked Edit button in Name
Current User Name is : 
Used Clicked Save Changes button
Verified Invalid Mobile Number : Name updated.
Used Verify New Name : Rayana Aravind
User Mouse Hover on the Profile
User Clicked on Your Account hyperLink
User Clicked on the Login & Security
Used Clicked Edit button in Name
Current User Name is : 
Used Clicked Save Changes button
Verified Invalid Mobile Number : Name updated.
Used Verify New Name : Rayana Aravind
Test Success EditProfileInformation
User Quit Browser]]>
  </system-out>
</testsuite> <!-- amazonpackage.AmazonProjectMaven.TC04_EditProfileInformation -->
