<?xml version="1.0" encoding="UTF-8"?>
<!-- Generated by org.testng.reporters.JUnitReportReporter -->
<testsuite hostname="DESKTOP-9AFDMTT" failures="0" tests="1" name="amazonpackage.AmazonProjectMaven.TC02_VerifyLoginWithValidUserID" time="24.730" errors="0" timestamp="2025-06-19T22:06:51 IST" skipped="0">
  <testcase classname="amazonpackage.AmazonProjectMaven.TC02_VerifyLoginWithValidUserID" name="VerifyLoginWithValidUser" time="24.730">
    <system-out>
      <![CDATA[Test Started VerifyLoginWithValidUser
User Mouse Hover on the Profile
User Clicked on Signin button
User Entered Mobile# or Email : 7010367624
User Clicked Continue Button
User Entered Password : password
User Clicked Sigin Button
Verified Used Name is : Hello, Aravind
Test Success VerifyLoginWithValidUser]]>
    </system-out>
  </testcase> <!-- VerifyLoginWithValidUser -->
  <system-out>
    <![CDATA[Chrome Launched Successfully
Edge Launched Successfully
User Launched https://www.amazon.in/ Application
User Launched https://www.amazon.in/ Application
User in Online Shopping site in India: Shop Online for Mobiles, Books, Watches, Shoes and More - Amazon.in : page
Test Started VerifyLoginWithValidUser
User Mouse Hover on the Profile
User Clicked on Signin button
User Entered Mobile# or Email : 7010367624
User in Online Shopping site in India: Shop Online for Mobiles, Books, Watches, Shoes and More - Amazon.in : page
Test Started VerifyLoginWithInvalidUser
User Mouse Hover on the Profile
User Clicked Continue Button
User Entered Password : password
User Clicked Sigin Button
User Clicked on Signin button
User Entered Mobile# or Email : 226365622
Verified Used Name is : Hello, Aravind
Test Success VerifyLoginWithValidUser
User Clicked Continue Button
Verified Invalid Mobile Number : Invalid mobile number
Test Success VerifyLoginWithInvalidUser
User Quit Browser
Chrome Launched Successfully
User Quit Browser
User Launched https://www.amazon.in/ Application
User in Online Shopping site in India: Shop Online for Mobiles, Books, Watches, Shoes and More - Amazon.in : page
Test Started VerifyLoginWithInvalidUser
User Mouse Hover on the Profile
User Clicked on Signin button
User Entered Mobile# or Email : cddvsafvs@gmail.rrr@
User Clicked Continue Button
Verified Invalid Email Address : Invalid email address.
Test Success VerifyLoginWithInvalidUser
User Quit Browser
Chrome Launched Successfully
User Launched https://www.amazon.in/ Application
User in Online Shopping site in India: Shop Online for Mobiles, Books, Watches, Shoes and More - Amazon.in : page
Test Started VerifyLoginWithInvalidUser
User Mouse Hover on the Profile
User Clicked on Signin button
User Entered Mobile# or Email : 7010367624
User Clicked Continue Button
User Entered Password : password
User Clicked Sigin Button
Verified Incorrect Password : Your password is incorrect
Test Success VerifyLoginWithInvalidUser
User Quit Browser]]>
  </system-out>
</testsuite> <!-- amazonpackage.AmazonProjectMaven.TC02_VerifyLoginWithValidUserID -->
