<?xml version="1.0" encoding="UTF-8"?>
<!-- Generated by org.testng.reporters.JUnitReportReporter -->
<testsuite hostname="DESKTOP-9AFDMTT" failures="0" tests="4" name="amazonpackage.AmazonProjectMaven.TC05_SearchProduct" time="52.127" errors="0" timestamp="2025-06-23T09:05:02 IST" skipped="0">
  <testcase classname="amazonpackage.AmazonProjectMaven.TC05_SearchProduct" name="SearchProduct" time="15.903">
    <system-out>
      <![CDATA[Test Started SearchProduct
User Entered Product in Search: Mobiles
User Clicked Search Icon
Amazon.in : Mobiles
Test Success SearchProduct]]>
    </system-out>
  </testcase> <!-- SearchProduct -->
  <testcase classname="amazonpackage.AmazonProjectMaven.TC05_SearchProduct" name="SearchProduct" time="11.396">
    <system-out>
      <![CDATA[Test Started SearchProduct
User Entered Product in Search: Shoes
User Clicked Search Icon
Amazon.in : Shoes
Test Success SearchProduct]]>
    </system-out>
  </testcase> <!-- SearchProduct -->
  <testcase classname="amazonpackage.AmazonProjectMaven.TC05_SearchProduct" name="SearchProduct" time="11.128">
    <system-out>
      <![CDATA[Test Started SearchProduct
User Entered Product in Search: Clocks
User Clicked Search Icon
Amazon.in : Clocks
Test Success SearchProduct]]>
    </system-out>
  </testcase> <!-- SearchProduct -->
  <testcase classname="amazonpackage.AmazonProjectMaven.TC05_SearchProduct" name="SearchProduct" time="13.700">
    <system-out>
      <![CDATA[Test Started SearchProduct
User Entered Product in Search: Books
User Clicked Search Icon
Amazon.in : Books
Test Success SearchProduct]]>
    </system-out>
  </testcase> <!-- SearchProduct -->
  <system-out>
    <![CDATA[Chrome Launched Successfully
User Launched https://www.amazon.in/ Application
User in Online Shopping site in India: Shop Online for Mobiles, Books, Watches, Shoes and More - Amazon.in : page
Test Started SearchProduct
User Entered Product in Search: Shoes
User Clicked Search Icon
Amazon.in : Shoes
Test Success SearchProduct
User Quit Browser
Chrome Launched Successfully
User Launched https://www.amazon.in/ Application
User in Online Shopping site in India: Shop Online for Mobiles, Books, Watches, Shoes and More - Amazon.in : page
Test Started SearchProduct
User Entered Product in Search: Mobiles
User Clicked Search Icon
Amazon.in : Mobiles
Test Success SearchProduct
User Quit Browser
Chrome Launched Successfully
User Launched https://www.amazon.in/ Application
User in Online Shopping site in India: Shop Online for Mobiles, Books, Watches, Shoes and More - Amazon.in : page
Test Started SearchProduct
User Entered Product in Search: Books
User Clicked Search Icon
Amazon.in : Books
Test Success SearchProduct
User Quit Browser
Chrome Launched Successfully
User Launched https://www.amazon.in/ Application
User in Online Shopping site in India: Shop Online for Mobiles, Books, Watches, Shoes and More - Amazon.in : page
Test Started SearchProduct
User Entered Product in Search: Clocks
User Clicked Search Icon
Amazon.in : Clocks
Test Success SearchProduct
User Quit Browser]]>
  </system-out>
</testsuite> <!-- amazonpackage.AmazonProjectMaven.TC05_SearchProduct -->
