<?xml version="1.0" encoding="UTF-8"?>
<!-- Generated by org.testng.reporters.JUnitReportReporter -->
<testsuite hostname="DESKTOP-9AFDMTT" failures="0" tests="1" name="amazonpackage.AmazonProjectMaven.TC01_NewUserRegistration" time="76.654" errors="0" timestamp="2025-06-19T14:32:41 IST" skipped="0">
  <testcase classname="amazonpackage.AmazonProjectMaven.TC01_NewUserRegistration" name="NewUserRegistration" time="76.654"/>
  <system-out>
    <![CDATA[Test Started NewUserRegistration
User Mouse Hover on the Profile
User Clicked the Start Here hyperLink
User Entered Mobile# or Email : Ao0vdyQjEf@gmail.com
User Clicked Continue Button
User Clicked Proceed Create Account Button
User Entered : 9458890171
User Entered : IwpAUeBIaP
User Entered Password : password
User Clicked Verify Mobile number Button
Test Success NewUserRegistration]]>
  </system-out>
</testsuite> <!-- amazonpackage.AmazonProjectMaven.TC01_NewUserRegistration -->
