<?xml version="1.0" encoding="UTF-8"?>
<!-- Generated by org.testng.reporters.JUnitReportReporter -->
<testsuite hostname="DESKTOP-9AFDMTT" failures="0" tests="16" name="BasicTestNG.EnabledPractice" time="0.048" errors="0" timestamp="2025-05-22T18:42:46 IST" skipped="2">
  <testcase classname="BasicTestNG.EnabledPractice" name="login" time="0.003"/>
  <system-out/>
  <testcase classname="BasicTestNG.EnabledPractice" name="login" time="0.001"/>
  <system-out/>
  <testcase classname="BasicTestNG.EnabledPractice" name="homepage" time="0.001"/>
  <system-out/>
  <testcase classname="BasicTestNG.EnabledPractice" name="homepage" time="0.004"/>
  <system-out/>
  <testcase classname="BasicTestNG.EnabledPractice" name="homepage" time="0.001"/>
  <system-out/>
  <testcase classname="BasicTestNG.EnabledPractice" name="homepage" time="0.002"/>
  <system-out/>
  <testcase classname="BasicTestNG.EnabledPractice" name="purchespage" time="0.003"/>
  <system-out/>
  <testcase classname="BasicTestNG.EnabledPractice" name="purchespage" time="0.003"/>
  <system-out/>
  <testcase classname="BasicTestNG.EnabledPractice" name="purchespage" time="0.002"/>
  <system-out/>
  <testcase classname="BasicTestNG.EnabledPractice" name="purchespage" time="0.002"/>
  <system-out/>
  <testcase classname="BasicTestNG.EnabledPractice" name="paymentpage" time="0.009"/>
  <system-out/>
  <testcase classname="BasicTestNG.EnabledPractice" name="paymentpage" time="0.003"/>
  <system-out/>
  <testcase classname="BasicTestNG.EnabledPractice" name="logout" time="0.007"/>
  <system-out/>
  <testcase classname="BasicTestNG.EnabledPractice" name="logout" time="0.007"/>
  <system-out/>
  <testcase classname="BasicTestNG.EnabledPractice" name="productpage">
    <skipped/>
  </testcase> <!-- productpage -->
  <system-out/>
  <testcase classname="BasicTestNG.EnabledPractice" name="productpage">
    <skipped/>
  </testcase> <!-- productpage -->
  <system-out/>
</testsuite> <!-- BasicTestNG.EnabledPractice -->
