<?xml version="1.0" encoding="UTF-8"?>
<!-- Generated by org.testng.reporters.JUnitReportReporter -->
<testsuite hostname="DESKTOP-9AFDMTT" failures="0" tests="1" name="AmazonPractice.LoginToAmazon" time="0.000" errors="0" timestamp="2025-05-24T11:11:38 IST" skipped="1">
  <testcase classname="AmazonPractice.LoginToAmazon" name="login_ToAmazon" time="0.000">
    <skipped/>
  </testcase> <!-- login_ToAmazon -->
  <system-out/>
</testsuite> <!-- AmazonPractice.LoginToAmazon -->
