<?xml version="1.0" encoding="UTF-8"?>
<!-- Generated by org.testng.reporters.JUnitReportReporter -->
<testsuite hostname="DESKTOP-9AFDMTT" failures="0" tests="12" name="BasicTestNG.PriorityPractice" time="0.032" errors="0" timestamp="2025-05-22T18:42:46 IST" skipped="0">
  <testcase classname="BasicTestNG.PriorityPractice" name="login" time="0.002"/>
  <system-out/>
  <testcase classname="BasicTestNG.PriorityPractice" name="login" time="0.001"/>
  <system-out/>
  <testcase classname="BasicTestNG.PriorityPractice" name="homepage" time="0.002"/>
  <system-out/>
  <testcase classname="BasicTestNG.PriorityPractice" name="homepage" time="0.003"/>
  <system-out/>
  <testcase classname="BasicTestNG.PriorityPractice" name="productpage" time="0.012"/>
  <system-out/>
  <testcase classname="BasicTestNG.PriorityPractice" name="productpage" time="0.001"/>
  <system-out/>
  <testcase classname="BasicTestNG.PriorityPractice" name="purchespage" time="0.002"/>
  <system-out/>
  <testcase classname="BasicTestNG.PriorityPractice" name="purchespage" time="0.001"/>
  <system-out/>
  <testcase classname="BasicTestNG.PriorityPractice" name="paymentpage" time="0.002"/>
  <system-out/>
  <testcase classname="BasicTestNG.PriorityPractice" name="paymentpage" time="0.002"/>
  <system-out/>
  <testcase classname="BasicTestNG.PriorityPractice" name="logout" time="0.002"/>
  <system-out/>
  <testcase classname="BasicTestNG.PriorityPractice" name="logout" time="0.002"/>
  <system-out/>
</testsuite> <!-- BasicTestNG.PriorityPractice -->
