<?xml version="1.0" encoding="UTF-8"?>
<!-- Generated by org.testng.reporters.JUnitReportReporter -->
<testsuite hostname="DESKTOP-9AFDMTT" failures="0" tests="2" name="FacebookPractice.FB_Login" time="0.257" errors="1" timestamp="2025-05-23T20:32:39 IST" skipped="1">
  <testcase classname="FacebookPractice.FB_Login" name="loginToFacebook" time="0.000">
    <skipped/>
  </testcase> <!-- loginToFacebook -->
  <system-out/>
  <testcase classname="FacebookPractice.FB_Login" name="InitilizeBrowser" time="0.257">
    <error message="org/slf4j/LoggerFactory" type="java.lang.NoClassDefFoundError">
      <![CDATA[java.lang.NoClassDefFoundError: org/slf4j/LoggerFactory
at org.apache.logging.slf4j.SLF4JLoggerContext.createLogger(SLF4JLoggerContext.java:57)
at org.apache.logging.slf4j.SLF4JLoggerContext.getLogger(SLF4JLoggerContext.java:51)
at org.apache.logging.slf4j.SLF4JLoggerContext.getLogger(SLF4JLoggerContext.java:40)
at org.apache.logging.log4j.jpl.Log4jSystemLoggerAdapter.newLogger(Log4jSystemLoggerAdapter.java:35)
at org.apache.logging.log4j.jpl.Log4jSystemLoggerAdapter.newLogger(Log4jSystemLoggerAdapter.java:31)
at org.apache.logging.log4j.spi.AbstractLoggerAdapter.getLogger(AbstractLoggerAdapter.java:52)
at org.apache.logging.log4j.jpl.Log4jSystemLoggerFinder.getLogger(Log4jSystemLoggerFinder.java:33)
at java.base/jdk.internal.logger.LazyLoggers.getLoggerFromFinder(LazyLoggers.java:410)
at java.base/jdk.internal.logger.LazyLoggers$1.apply(LazyLoggers.java:369)
at java.base/jdk.internal.logger.LazyLoggers$1.apply(LazyLoggers.java:366)
at java.base/jdk.internal.logger.LazyLoggers$LazyLoggerAccessor.createLogger(LazyLoggers.java:292)
at java.base/jdk.internal.logger.BootstrapLogger.getLogger(BootstrapLogger.java:980)
at java.base/jdk.internal.logger.LazyLoggers$LazyLoggerAccessor.wrapped(LazyLoggers.java:179)
at java.base/jdk.internal.logger.LazyLoggers$LazyLoggerWrapper.wrapped(LazyLoggers.java:332)
at java.base/jdk.internal.logger.AbstractLoggerWrapper.isLoggable(AbstractLoggerWrapper.java:68)
at java.base/java.lang.ProcessBuilder.start(ProcessBuilder.java:1143)
at java.base/java.lang.ProcessBuilder.start(ProcessBuilder.java:1089)
at org.openqa.selenium.os.ExternalProcess$Builder.start(ExternalProcess.java:193)
at org.openqa.selenium.manager.SeleniumManager.runCommand(SeleniumManager.java:142)
at org.openqa.selenium.manager.SeleniumManager.getBinaryPaths(SeleniumManager.java:254)
at org.openqa.selenium.remote.service.DriverFinder.getBinaryPaths(DriverFinder.java:102)
at org.openqa.selenium.remote.service.DriverFinder.getDriverPath(DriverFinder.java:55)
at org.openqa.selenium.edge.EdgeDriver.generateExecutor(EdgeDriver.java:71)
at org.openqa.selenium.edge.EdgeDriver.<init>(EdgeDriver.java:60)
at org.openqa.selenium.edge.EdgeDriver.<init>(EdgeDriver.java:56)
at org.openqa.selenium.edge.EdgeDriver.<init>(EdgeDriver.java:48)
at org.openqa.selenium.edge.EdgeDriver.<init>(EdgeDriver.java:44)
at Utilities.BaseClass.InitilizeBrowser(BaseClass.java:26)
at java.base/jdk.internal.reflect.DirectMethodHandleAccessor.invoke(DirectMethodHandleAccessor.java:103)
at java.base/java.lang.reflect.Method.invoke(Method.java:580)
at org.testng.internal.MethodInvocationHelper.invokeMethod(MethodInvocationHelper.java:133)
at org.testng.internal.MethodInvocationHelper.invokeMethodConsideringTimeout(MethodInvocationHelper.java:62)
at org.testng.internal.ConfigInvoker.invokeConfigurationMethod(ConfigInvoker.java:385)
at org.testng.internal.ConfigInvoker.invokeConfigurations(ConfigInvoker.java:321)
at org.testng.SuiteRunner.privateRun(SuiteRunner.java:317)
at org.testng.SuiteRunner.run(SuiteRunner.java:276)
at org.testng.SuiteRunnerWorker.runSuite(SuiteRunnerWorker.java:53)
at org.testng.SuiteRunnerWorker.run(SuiteRunnerWorker.java:96)
at org.testng.TestNG.runSuitesSequentially(TestNG.java:1212)
at org.testng.TestNG.runSuitesLocally(TestNG.java:1134)
at org.testng.TestNG.runSuites(TestNG.java:1063)
at org.testng.TestNG.run(TestNG.java:1031)
at org.testng.remote.AbstractRemoteTestNG.run(AbstractRemoteTestNG.java:115)
at org.testng.remote.RemoteTestNG.initAndRun(RemoteTestNG.java:293)
at org.testng.remote.RemoteTestNG.main(RemoteTestNG.java:91)
Caused by: java.lang.ClassNotFoundException: org.slf4j.LoggerFactory
at java.base/jdk.internal.loader.BuiltinClassLoader.loadClass(BuiltinClassLoader.java:641)
at java.base/jdk.internal.loader.ClassLoaders$AppClassLoader.loadClass(ClassLoaders.java:188)
at java.base/java.lang.ClassLoader.loadClass(ClassLoader.java:528)
... 45 more
]]>
    </error>
  </testcase> <!-- InitilizeBrowser -->
  <system-out/>
</testsuite> <!-- FacebookPractice.FB_Login -->
