<?xml version="1.0" encoding="UTF-8"?>
<!-- Generated by org.testng.reporters.JUnitReportReporter -->
<testsuite hostname="DESKTOP-9AFDMTT" failures="0" tests="4" name="BasicTestNG.BasicClass01" time="0.065" errors="0" timestamp="2025-05-22T18:42:46 IST" skipped="0">
  <testcase classname="BasicTestNG.BasicClass01" name="mathod2" time="0.012"/>
  <system-out/>
  <testcase classname="BasicTestNG.BasicClass01" name="mathod1" time="0.022"/>
  <system-out/>
  <testcase classname="BasicTestNG.BasicClass01" name="mathod2" time="0.009"/>
  <system-out/>
  <testcase classname="BasicTestNG.BasicClass01" name="mathod1" time="0.022"/>
  <system-out/>
</testsuite> <!-- BasicTestNG.BasicClass01 -->
