<?xml version="1.0" encoding="UTF-8"?>
<!-- Generated by org.testng.reporters.JUnitReportReporter -->
<testsuite hostname="DESKTOP-9AFDMTT" failures="0" tests="6" name="BasicTestNG.ParallelPractice2" time="0.966" errors="3" timestamp="2025-05-24T11:13:45 IST" skipped="3">
  <testcase classname="BasicTestNG.ParallelPractice2" name="InitializeBrowser" time="0.321">
    <error message="org/slf4j/LoggerFactory" type="java.lang.NoClassDefFoundError">
      <![CDATA[java.lang.NoClassDefFoundError: org/slf4j/LoggerFactory
at org.apache.logging.slf4j.SLF4JLoggerContext.createLogger(SLF4JLoggerContext.java:57)
at org.apache.logging.slf4j.SLF4JLoggerContext.getLogger(SLF4JLoggerContext.java:51)
at org.apache.logging.slf4j.SLF4JLoggerContext.getLogger(SLF4JLoggerContext.java:40)
at org.apache.logging.log4j.jpl.Log4jSystemLoggerAdapter.newLogger(Log4jSystemLoggerAdapter.java:35)
at org.apache.logging.log4j.jpl.Log4jSystemLoggerAdapter.newLogger(Log4jSystemLoggerAdapter.java:31)
at org.apache.logging.log4j.spi.AbstractLoggerAdapter.getLogger(AbstractLoggerAdapter.java:52)
at org.apache.logging.log4j.jpl.Log4jSystemLoggerFinder.getLogger(Log4jSystemLoggerFinder.java:33)
at java.base/jdk.internal.logger.LazyLoggers.getLoggerFromFinder(LazyLoggers.java:410)
at java.base/jdk.internal.logger.LazyLoggers$1.apply(LazyLoggers.java:369)
at java.base/jdk.internal.logger.LazyLoggers$1.apply(LazyLoggers.java:366)
at java.base/jdk.internal.logger.LazyLoggers$LazyLoggerAccessor.createLogger(LazyLoggers.java:292)
at java.base/jdk.internal.logger.BootstrapLogger.getLogger(BootstrapLogger.java:980)
at java.base/jdk.internal.logger.LazyLoggers$LazyLoggerAccessor.wrapped(LazyLoggers.java:179)
at java.base/jdk.internal.logger.LazyLoggers$LazyLoggerWrapper.wrapped(LazyLoggers.java:332)
at java.base/jdk.internal.logger.AbstractLoggerWrapper.isLoggable(AbstractLoggerWrapper.java:68)
at java.base/java.lang.ProcessBuilder.start(ProcessBuilder.java:1143)
at java.base/java.lang.ProcessBuilder.start(ProcessBuilder.java:1089)
at org.openqa.selenium.os.ExternalProcess$Builder.start(ExternalProcess.java:193)
at org.openqa.selenium.manager.SeleniumManager.runCommand(SeleniumManager.java:142)
at org.openqa.selenium.manager.SeleniumManager.getBinaryPaths(SeleniumManager.java:254)
at org.openqa.selenium.remote.service.DriverFinder.getBinaryPaths(DriverFinder.java:102)
at org.openqa.selenium.remote.service.DriverFinder.getDriverPath(DriverFinder.java:55)
at org.openqa.selenium.chrome.ChromeDriver.generateExecutor(ChromeDriver.java:99)
at org.openqa.selenium.chrome.ChromeDriver.<init>(ChromeDriver.java:88)
at org.openqa.selenium.chrome.ChromeDriver.<init>(ChromeDriver.java:83)
at org.openqa.selenium.chrome.ChromeDriver.<init>(ChromeDriver.java:51)
at BasicTestNG.BaseClass.InitializeBrowser(BaseClass.java:21)
at java.base/jdk.internal.reflect.DirectMethodHandleAccessor.invoke(DirectMethodHandleAccessor.java:103)
at java.base/java.lang.reflect.Method.invoke(Method.java:580)
at org.testng.internal.MethodInvocationHelper.invokeMethod(MethodInvocationHelper.java:133)
at org.testng.internal.MethodInvocationHelper.invokeMethodConsideringTimeout(MethodInvocationHelper.java:62)
at org.testng.internal.ConfigInvoker.invokeConfigurationMethod(ConfigInvoker.java:385)
at org.testng.internal.ConfigInvoker.invokeConfigurations(ConfigInvoker.java:321)
at org.testng.internal.TestInvoker.runConfigMethods(TestInvoker.java:700)
at org.testng.internal.TestInvoker.invokeMethod(TestInvoker.java:527)
at org.testng.internal.TestInvoker.invokeTestMethod(TestInvoker.java:173)
at org.testng.internal.MethodRunner.runInSequence(MethodRunner.java:46)
at org.testng.internal.TestInvoker$MethodInvocationAgent.invoke(TestInvoker.java:824)
at org.testng.internal.TestInvoker.invokeTestMethods(TestInvoker.java:146)
at org.testng.internal.TestMethodWorker.invokeTestMethods(TestMethodWorker.java:146)
at org.testng.internal.TestMethodWorker.run(TestMethodWorker.java:128)
at java.base/java.util.ArrayList.forEach(ArrayList.java:1597)
at org.testng.TestRunner.privateRun(TestRunner.java:794)
at org.testng.TestRunner.run(TestRunner.java:596)
at org.testng.SuiteRunner.runTest(SuiteRunner.java:377)
at org.testng.SuiteRunner.access$000(SuiteRunner.java:28)
at org.testng.SuiteRunner$SuiteWorker.run(SuiteRunner.java:418)
at org.testng.internal.thread.ThreadUtil.lambda$execute$0(ThreadUtil.java:64)
at java.base/java.util.concurrent.FutureTask.run(FutureTask.java:317)
at java.base/java.util.concurrent.ThreadPoolExecutor.runWorker(ThreadPoolExecutor.java:1144)
at java.base/java.util.concurrent.ThreadPoolExecutor$Worker.run(ThreadPoolExecutor.java:642)
at java.base/java.lang.Thread.run(Thread.java:1575)
Caused by: java.lang.ClassNotFoundException: org.slf4j.LoggerFactory
at java.base/jdk.internal.loader.BuiltinClassLoader.loadClass(BuiltinClassLoader.java:641)
at java.base/jdk.internal.loader.ClassLoaders$AppClassLoader.loadClass(ClassLoaders.java:188)
at java.base/java.lang.ClassLoader.loadClass(ClassLoader.java:528)
... 52 more
]]>
    </error>
  </testcase> <!-- InitializeBrowser -->
  <system-out/>
  <testcase classname="BasicTestNG.ParallelPractice2" name="LaunchApplication" time="0.000">
    <skipped/>
  </testcase> <!-- LaunchApplication -->
  <system-out/>
  <testcase classname="BasicTestNG.ParallelPractice2" name="InitializeBrowser" time="0.322">
    <error message="org/slf4j/LoggerFactory" type="java.lang.NoClassDefFoundError">
      <![CDATA[java.lang.NoClassDefFoundError: org/slf4j/LoggerFactory
at org.apache.logging.slf4j.SLF4JLoggerContext.createLogger(SLF4JLoggerContext.java:57)
at org.apache.logging.slf4j.SLF4JLoggerContext.getLogger(SLF4JLoggerContext.java:51)
at org.apache.logging.slf4j.SLF4JLoggerContext.getLogger(SLF4JLoggerContext.java:40)
at org.apache.logging.log4j.jpl.Log4jSystemLoggerAdapter.newLogger(Log4jSystemLoggerAdapter.java:35)
at org.apache.logging.log4j.jpl.Log4jSystemLoggerAdapter.newLogger(Log4jSystemLoggerAdapter.java:31)
at org.apache.logging.log4j.spi.AbstractLoggerAdapter.getLogger(AbstractLoggerAdapter.java:52)
at org.apache.logging.log4j.jpl.Log4jSystemLoggerFinder.getLogger(Log4jSystemLoggerFinder.java:33)
at java.base/jdk.internal.logger.LazyLoggers.getLoggerFromFinder(LazyLoggers.java:410)
at java.base/jdk.internal.logger.LazyLoggers$1.apply(LazyLoggers.java:369)
at java.base/jdk.internal.logger.LazyLoggers$1.apply(LazyLoggers.java:366)
at java.base/jdk.internal.logger.LazyLoggers$LazyLoggerAccessor.createLogger(LazyLoggers.java:292)
at java.base/jdk.internal.logger.BootstrapLogger.getLogger(BootstrapLogger.java:980)
at java.base/jdk.internal.logger.LazyLoggers$LazyLoggerAccessor.wrapped(LazyLoggers.java:179)
at java.base/jdk.internal.logger.LazyLoggers$LazyLoggerWrapper.wrapped(LazyLoggers.java:332)
at java.base/jdk.internal.logger.AbstractLoggerWrapper.isLoggable(AbstractLoggerWrapper.java:68)
at java.base/java.lang.ProcessBuilder.start(ProcessBuilder.java:1143)
at java.base/java.lang.ProcessBuilder.start(ProcessBuilder.java:1089)
at org.openqa.selenium.os.ExternalProcess$Builder.start(ExternalProcess.java:193)
at org.openqa.selenium.manager.SeleniumManager.runCommand(SeleniumManager.java:142)
at org.openqa.selenium.manager.SeleniumManager.getBinaryPaths(SeleniumManager.java:254)
at org.openqa.selenium.remote.service.DriverFinder.getBinaryPaths(DriverFinder.java:102)
at org.openqa.selenium.remote.service.DriverFinder.getDriverPath(DriverFinder.java:55)
at org.openqa.selenium.firefox.FirefoxDriver.generateExecutor(FirefoxDriver.java:128)
at org.openqa.selenium.firefox.FirefoxDriver.<init>(FirefoxDriver.java:119)
at org.openqa.selenium.firefox.FirefoxDriver.<init>(FirefoxDriver.java:114)
at org.openqa.selenium.firefox.FirefoxDriver.<init>(FirefoxDriver.java:99)
at org.openqa.selenium.firefox.FirefoxDriver.<init>(FirefoxDriver.java:89)
at BasicTestNG.BaseClass.InitializeBrowser(BaseClass.java:29)
at java.base/jdk.internal.reflect.DirectMethodHandleAccessor.invoke(DirectMethodHandleAccessor.java:103)
at java.base/java.lang.reflect.Method.invoke(Method.java:580)
at org.testng.internal.MethodInvocationHelper.invokeMethod(MethodInvocationHelper.java:133)
at org.testng.internal.MethodInvocationHelper.invokeMethodConsideringTimeout(MethodInvocationHelper.java:62)
at org.testng.internal.ConfigInvoker.invokeConfigurationMethod(ConfigInvoker.java:385)
at org.testng.internal.ConfigInvoker.invokeConfigurations(ConfigInvoker.java:321)
at org.testng.internal.TestInvoker.runConfigMethods(TestInvoker.java:700)
at org.testng.internal.TestInvoker.invokeMethod(TestInvoker.java:527)
at org.testng.internal.TestInvoker.invokeTestMethod(TestInvoker.java:173)
at org.testng.internal.MethodRunner.runInSequence(MethodRunner.java:46)
at org.testng.internal.TestInvoker$MethodInvocationAgent.invoke(TestInvoker.java:824)
at org.testng.internal.TestInvoker.invokeTestMethods(TestInvoker.java:146)
at org.testng.internal.TestMethodWorker.invokeTestMethods(TestMethodWorker.java:146)
at org.testng.internal.TestMethodWorker.run(TestMethodWorker.java:128)
at java.base/java.util.ArrayList.forEach(ArrayList.java:1597)
at org.testng.TestRunner.privateRun(TestRunner.java:794)
at org.testng.TestRunner.run(TestRunner.java:596)
at org.testng.SuiteRunner.runTest(SuiteRunner.java:377)
at org.testng.SuiteRunner.access$000(SuiteRunner.java:28)
at org.testng.SuiteRunner$SuiteWorker.run(SuiteRunner.java:418)
at org.testng.internal.thread.ThreadUtil.lambda$execute$0(ThreadUtil.java:64)
at java.base/java.util.concurrent.FutureTask.run(FutureTask.java:317)
at java.base/java.util.concurrent.ThreadPoolExecutor.runWorker(ThreadPoolExecutor.java:1144)
at java.base/java.util.concurrent.ThreadPoolExecutor$Worker.run(ThreadPoolExecutor.java:642)
at java.base/java.lang.Thread.run(Thread.java:1575)
Caused by: java.lang.ClassNotFoundException: org.slf4j.LoggerFactory
... 53 more
]]>
    </error>
  </testcase> <!-- InitializeBrowser -->
  <system-out/>
  <testcase classname="BasicTestNG.ParallelPractice2" name="LaunchApplication" time="0.001">
    <skipped/>
  </testcase> <!-- LaunchApplication -->
  <system-out/>
  <testcase classname="BasicTestNG.ParallelPractice2" name="LaunchApplication" time="0.000">
    <skipped/>
  </testcase> <!-- LaunchApplication -->
  <system-out/>
  <testcase classname="BasicTestNG.ParallelPractice2" name="InitializeBrowser" time="0.322">
    <error message="org/slf4j/LoggerFactory" type="java.lang.NoClassDefFoundError">
      <![CDATA[java.lang.NoClassDefFoundError: org/slf4j/LoggerFactory
at org.apache.logging.slf4j.SLF4JLoggerContext.createLogger(SLF4JLoggerContext.java:57)
at org.apache.logging.slf4j.SLF4JLoggerContext.getLogger(SLF4JLoggerContext.java:51)
at org.apache.logging.slf4j.SLF4JLoggerContext.getLogger(SLF4JLoggerContext.java:40)
at org.apache.logging.log4j.jpl.Log4jSystemLoggerAdapter.newLogger(Log4jSystemLoggerAdapter.java:35)
at org.apache.logging.log4j.jpl.Log4jSystemLoggerAdapter.newLogger(Log4jSystemLoggerAdapter.java:31)
at org.apache.logging.log4j.spi.AbstractLoggerAdapter.getLogger(AbstractLoggerAdapter.java:52)
at org.apache.logging.log4j.jpl.Log4jSystemLoggerFinder.getLogger(Log4jSystemLoggerFinder.java:33)
at java.base/jdk.internal.logger.LazyLoggers.getLoggerFromFinder(LazyLoggers.java:410)
at java.base/jdk.internal.logger.LazyLoggers$1.apply(LazyLoggers.java:369)
at java.base/jdk.internal.logger.LazyLoggers$1.apply(LazyLoggers.java:366)
at java.base/jdk.internal.logger.LazyLoggers$LazyLoggerAccessor.createLogger(LazyLoggers.java:292)
at java.base/jdk.internal.logger.BootstrapLogger.getLogger(BootstrapLogger.java:980)
at java.base/jdk.internal.logger.LazyLoggers$LazyLoggerAccessor.wrapped(LazyLoggers.java:179)
at java.base/jdk.internal.logger.LazyLoggers$LazyLoggerWrapper.wrapped(LazyLoggers.java:332)
at java.base/jdk.internal.logger.AbstractLoggerWrapper.isLoggable(AbstractLoggerWrapper.java:68)
at java.base/java.lang.ProcessBuilder.start(ProcessBuilder.java:1143)
at java.base/java.lang.ProcessBuilder.start(ProcessBuilder.java:1089)
at org.openqa.selenium.os.ExternalProcess$Builder.start(ExternalProcess.java:193)
at org.openqa.selenium.manager.SeleniumManager.runCommand(SeleniumManager.java:142)
at org.openqa.selenium.manager.SeleniumManager.getBinaryPaths(SeleniumManager.java:254)
at org.openqa.selenium.remote.service.DriverFinder.getBinaryPaths(DriverFinder.java:102)
at org.openqa.selenium.remote.service.DriverFinder.getDriverPath(DriverFinder.java:55)
at org.openqa.selenium.edge.EdgeDriver.generateExecutor(EdgeDriver.java:71)
at org.openqa.selenium.edge.EdgeDriver.<init>(EdgeDriver.java:60)
at org.openqa.selenium.edge.EdgeDriver.<init>(EdgeDriver.java:56)
at org.openqa.selenium.edge.EdgeDriver.<init>(EdgeDriver.java:48)
at org.openqa.selenium.edge.EdgeDriver.<init>(EdgeDriver.java:44)
at BasicTestNG.BaseClass.InitializeBrowser(BaseClass.java:25)
at java.base/jdk.internal.reflect.DirectMethodHandleAccessor.invoke(DirectMethodHandleAccessor.java:103)
at java.base/java.lang.reflect.Method.invoke(Method.java:580)
at org.testng.internal.MethodInvocationHelper.invokeMethod(MethodInvocationHelper.java:133)
at org.testng.internal.MethodInvocationHelper.invokeMethodConsideringTimeout(MethodInvocationHelper.java:62)
at org.testng.internal.ConfigInvoker.invokeConfigurationMethod(ConfigInvoker.java:385)
at org.testng.internal.ConfigInvoker.invokeConfigurations(ConfigInvoker.java:321)
at org.testng.internal.TestInvoker.runConfigMethods(TestInvoker.java:700)
at org.testng.internal.TestInvoker.invokeMethod(TestInvoker.java:527)
at org.testng.internal.TestInvoker.invokeTestMethod(TestInvoker.java:173)
at org.testng.internal.MethodRunner.runInSequence(MethodRunner.java:46)
at org.testng.internal.TestInvoker$MethodInvocationAgent.invoke(TestInvoker.java:824)
at org.testng.internal.TestInvoker.invokeTestMethods(TestInvoker.java:146)
at org.testng.internal.TestMethodWorker.invokeTestMethods(TestMethodWorker.java:146)
at org.testng.internal.TestMethodWorker.run(TestMethodWorker.java:128)
at java.base/java.util.ArrayList.forEach(ArrayList.java:1597)
at org.testng.TestRunner.privateRun(TestRunner.java:794)
at org.testng.TestRunner.run(TestRunner.java:596)
at org.testng.SuiteRunner.runTest(SuiteRunner.java:377)
at org.testng.SuiteRunner.access$000(SuiteRunner.java:28)
at org.testng.SuiteRunner$SuiteWorker.run(SuiteRunner.java:418)
at org.testng.internal.thread.ThreadUtil.lambda$execute$0(ThreadUtil.java:64)
at java.base/java.util.concurrent.FutureTask.run(FutureTask.java:317)
at java.base/java.util.concurrent.ThreadPoolExecutor.runWorker(ThreadPoolExecutor.java:1144)
at java.base/java.util.concurrent.ThreadPoolExecutor$Worker.run(ThreadPoolExecutor.java:642)
at java.base/java.lang.Thread.run(Thread.java:1575)
Caused by: java.lang.ClassNotFoundException: org.slf4j.LoggerFactory
... 53 more
]]>
    </error>
  </testcase> <!-- InitializeBrowser -->
  <system-out/>
</testsuite> <!-- BasicTestNG.ParallelPractice2 -->
