<?xml version="1.0" encoding="UTF-8"?>
<!-- Generated by org.testng.reporters.JUnitReportReporter -->
<testsuite hostname="DESKTOP-9AFDMTT" failures="0" tests="20" name="BasicTestNG.InvocationCountPractice" time="0.045" errors="0" timestamp="2025-05-22T18:42:46 IST" skipped="2">
  <testcase classname="BasicTestNG.InvocationCountPractice" name="homepage" time="0.002"/>
  <system-out/>
  <testcase classname="BasicTestNG.InvocationCountPractice" name="homepage" time="0.001"/>
  <system-out/>
  <testcase classname="BasicTestNG.InvocationCountPractice" name="homepage" time="0.006"/>
  <system-out/>
  <testcase classname="BasicTestNG.InvocationCountPractice" name="homepage" time="0.002"/>
  <system-out/>
  <testcase classname="BasicTestNG.InvocationCountPractice" name="productpage" time="0.001"/>
  <system-out/>
  <testcase classname="BasicTestNG.InvocationCountPractice" name="productpage" time="0.001"/>
  <system-out/>
  <testcase classname="BasicTestNG.InvocationCountPractice" name="productpage" time="0.002"/>
  <system-out/>
  <testcase classname="BasicTestNG.InvocationCountPractice" name="productpage" time="0.002"/>
  <system-out/>
  <testcase classname="BasicTestNG.InvocationCountPractice" name="productpage" time="0.002"/>
  <system-out/>
  <testcase classname="BasicTestNG.InvocationCountPractice" name="productpage" time="0.001"/>
  <system-out/>
  <testcase classname="BasicTestNG.InvocationCountPractice" name="purchespage" time="0.001"/>
  <system-out/>
  <testcase classname="BasicTestNG.InvocationCountPractice" name="purchespage" time="0.001"/>
  <system-out/>
  <testcase classname="BasicTestNG.InvocationCountPractice" name="purchespage" time="0.007"/>
  <system-out/>
  <testcase classname="BasicTestNG.InvocationCountPractice" name="purchespage" time="0.008"/>
  <system-out/>
  <testcase classname="BasicTestNG.InvocationCountPractice" name="paymentpage" time="0.001"/>
  <system-out/>
  <testcase classname="BasicTestNG.InvocationCountPractice" name="paymentpage" time="0.002"/>
  <system-out/>
  <testcase classname="BasicTestNG.InvocationCountPractice" name="logout" time="0.004"/>
  <system-out/>
  <testcase classname="BasicTestNG.InvocationCountPractice" name="logout" time="0.001"/>
  <system-out/>
  <testcase classname="BasicTestNG.InvocationCountPractice" name="login">
    <skipped/>
  </testcase> <!-- login -->
  <system-out/>
  <testcase classname="BasicTestNG.InvocationCountPractice" name="login">
    <skipped/>
  </testcase> <!-- login -->
  <system-out/>
</testsuite> <!-- BasicTestNG.InvocationCountPractice -->
