<?xml version="1.0" encoding="UTF-8"?>
<!-- Generated by org.testng.reporters.JUnitReportReporter -->
<testsuite hostname="DESKTOP-9AFDMTT" failures="0" tests="3" name="BasicTestNG.ParameterPractice" time="24.554" errors="0" timestamp="2025-05-22T19:25:09 IST" skipped="0">
  <testcase classname="BasicTestNG.ParameterPractice" name="LaunchBrowser" time="6.675"/>
  <system-out>
    <![CDATA[Chrome Launched Successfully]]>
  </system-out>
  <testcase classname="BasicTestNG.ParameterPractice" name="LaunchBrowser" time="7.593"/>
  <system-out>
    <![CDATA[Edge Launched Successfully]]>
  </system-out>
  <testcase classname="BasicTestNG.ParameterPractice" name="LaunchBrowser" time="10.286"/>
  <system-out>
    <![CDATA[Firefox Launched Successfully]]>
  </system-out>
</testsuite> <!-- BasicTestNG.ParameterPractice -->
