<?xml version="1.0" encoding="UTF-8"?>
<!-- Generated by org.testng.reporters.JUnitReportReporter -->
<testsuite hostname="DESKTOP-9AFDMTT" failures="0" tests="3" name="BasicTestNG.ParallelParactice" time="52.603" errors="0" timestamp="2025-05-22T19:43:12 IST" skipped="0">
  <testcase classname="BasicTestNG.ParallelParactice" name="LaunchApplication" time="15.017"/>
  <system-out/>
  <testcase classname="BasicTestNG.ParallelParactice" name="LaunchApplication" time="19.076"/>
  <system-out/>
  <testcase classname="BasicTestNG.ParallelParactice" name="LaunchApplication" time="18.510"/>
  <system-out/>
</testsuite> <!-- BasicTestNG.ParallelParactice -->
