<?xml version="1.0" encoding="UTF-8"?>
<!-- Generated by org.testng.reporters.JUnitReportReporter -->
<testsuite hostname="DESKTOP-9AFDMTT" failures="0" tests="2" name="ParallelPractice.LaunchGoogle" time="21.766" errors="0" timestamp="2025-05-22T22:03:38 IST" skipped="0">
  <testcase classname="ParallelPractice.LaunchGoogle" name="Login" time="10.893"/>
  <system-out>
    <![CDATA[Google Launched]]>
  </system-out>
  <testcase classname="ParallelPractice.LaunchGoogle" name="Login" time="10.873"/>
  <system-out>
    <![CDATA[Google Launched]]>
  </system-out>
</testsuite> <!-- ParallelPractice.LaunchGoogle -->
