<?xml version="1.0" encoding="UTF-8"?>
<!-- Generated by org.testng.reporters.JUnitReportReporter -->
<testsuite hostname="DESKTOP-9AFDMTT" failures="0" tests="1" name="AmazonPractice1.LaunchAmazon" time="6.782" errors="0" timestamp="2025-05-27T19:50:43 IST" skipped="0">
  <testcase classname="AmazonPractice1.LaunchAmazon" name="launchApplication" time="6.782"/>
  <system-out>
    <![CDATA[Amazon Launched Successfully]]>
  </system-out>
</testsuite> <!-- AmazonPractice1.LaunchAmazon -->
