<?xml version="1.0" encoding="UTF-8"?>
<!-- Generated by org.testng.reporters.JUnitReportReporter -->
<testsuite hostname="DESKTOP-9AFDMTT" failures="0" tests="1" name="AmazonPractice1.SearchProduct" time="5.639" errors="0" timestamp="2025-05-27T19:50:43 IST" skipped="0">
  <testcase classname="AmazonPractice1.SearchProduct" name="searchProduct" time="5.639"/>
  <system-out/>
</testsuite> <!-- AmazonPractice1.SearchProduct -->
