<?xml version="1.0" encoding="UTF-8"?>
<!-- Generated by org.testng.reporters.JUnitReportReporter -->
<testsuite hostname="DESKTOP-9AFDMTT" failures="0" tests="5" name="Facebook.Facebook" time="29.559" errors="0" timestamp="2025-06-01T18:55:13 IST" skipped="0">
  <testcase classname="Facebook.Facebook" name="loginToFacebook" time="5.210"/>
  <system-out/>
  <testcase classname="Facebook.Facebook" name="loginToFacebook" time="5.163"/>
  <system-out/>
  <testcase classname="Facebook.Facebook" name="loginToFacebook" time="6.505"/>
  <system-out/>
  <testcase classname="Facebook.Facebook" name="loginToFacebook" time="6.559"/>
  <system-out/>
  <testcase classname="Facebook.Facebook" name="loginToFacebook" time="6.122"/>
  <system-out/>
</testsuite> <!-- Facebook.Facebook -->
